;  LST file generated by mikroListExporter - v.2.0 
; Date/Time: 9/25/2022 10:47:39 PM
;----------------------------------------------

;Address Opcode 	ASM
0x0000	0x2803      	GOTO       3
_main:
;seven_segmentpushbtn.c,1 :: 		void main() {
;seven_segmentpushbtn.c,2 :: 		char segment[10] = {0x3F,0x06,0x5B,0x4F,0x66,0x6D,0x7C,0x07,0x7F,0x6F};
0x0003	0x303F      	MOVLW      63
0x0004	0x1283      	BCF        STATUS, 5
0x0005	0x1303      	BCF        STATUS, 6
0x0006	0x00A2      	MOVWF      main_segment_L0
0x0007	0x3006      	MOVLW      6
0x0008	0x00A3      	MOVWF      main_segment_L0+1
0x0009	0x305B      	MOVLW      91
0x000A	0x00A4      	MOVWF      main_segment_L0+2
0x000B	0x304F      	MOVLW      79
0x000C	0x00A5      	MOVWF      main_segment_L0+3
0x000D	0x3066      	MOVLW      102
0x000E	0x00A6      	MOVWF      main_segment_L0+4
0x000F	0x306D      	MOVLW      109
0x0010	0x00A7      	MOVWF      main_segment_L0+5
0x0011	0x307C      	MOVLW      124
0x0012	0x00A8      	MOVWF      main_segment_L0+6
0x0013	0x3007      	MOVLW      7
0x0014	0x00A9      	MOVWF      main_segment_L0+7
0x0015	0x307F      	MOVLW      127
0x0016	0x00AA      	MOVWF      main_segment_L0+8
0x0017	0x306F      	MOVLW      111
0x0018	0x00AB      	MOVWF      main_segment_L0+9
0x0019	0x01AC      	CLRF       main_i_L0
0x001A	0x01AD      	CLRF       main_i_L0+1
;seven_segmentpushbtn.c,4 :: 		TRISD = 0xff;
0x001B	0x30FF      	MOVLW      255
0x001C	0x1683      	BSF        STATUS, 5
0x001D	0x0088      	MOVWF      TRISD
;seven_segmentpushbtn.c,5 :: 		TRISB = 0x00;
0x001E	0x0186      	CLRF       TRISB
;seven_segmentpushbtn.c,6 :: 		PORTB = 0x00;
0x001F	0x1283      	BCF        STATUS, 5
0x0020	0x0186      	CLRF       PORTB
;seven_segmentpushbtn.c,7 :: 		PORTD = 0x00;
0x0021	0x0188      	CLRF       PORTD
;seven_segmentpushbtn.c,9 :: 		while(1){
L_main0:
;seven_segmentpushbtn.c,10 :: 		if(PORTD.F0 == 1){
0x0022	0x1C08      	BTFSS      PORTD, 0
0x0023	0x2842      	GOTO       L_main2
;seven_segmentpushbtn.c,11 :: 		delay_ms(300);
0x0024	0x3004      	MOVLW      4
0x0025	0x00FB      	MOVWF      R11
0x0026	0x300C      	MOVLW      12
0x0027	0x00FC      	MOVWF      R12
0x0028	0x3033      	MOVLW      51
0x0029	0x00FD      	MOVWF      R13
L_main3:
0x002A	0x0BFD      	DECFSZ     R13, 1
0x002B	0x282A      	GOTO       L_main3
0x002C	0x0BFC      	DECFSZ     R12, 1
0x002D	0x282A      	GOTO       L_main3
0x002E	0x0BFB      	DECFSZ     R11, 1
0x002F	0x282A      	GOTO       L_main3
0x0030	0x0000      	NOP
0x0031	0x0000      	NOP
;seven_segmentpushbtn.c,12 :: 		if(PORTD.F0 == 1){
0x0032	0x1C08      	BTFSS      PORTD, 0
0x0033	0x2842      	GOTO       L_main4
;seven_segmentpushbtn.c,13 :: 		if(i<9){
0x0034	0x3080      	MOVLW      128
0x0035	0x062D      	XORWF      main_i_L0+1, 0
0x0036	0x00F0      	MOVWF      R0
0x0037	0x3080      	MOVLW      128
0x0038	0x0270      	SUBWF      R0, 0
0x0039	0x1D03      	BTFSS      STATUS, 2
0x003A	0x283D      	GOTO       L__main11
0x003B	0x3009      	MOVLW      9
0x003C	0x022C      	SUBWF      main_i_L0, 0
L__main11:
0x003D	0x1803      	BTFSC      STATUS, 0
0x003E	0x2842      	GOTO       L_main5
;seven_segmentpushbtn.c,14 :: 		i++;
0x003F	0x0AAC      	INCF       main_i_L0, 1
0x0040	0x1903      	BTFSC      STATUS, 2
0x0041	0x0AAD      	INCF       main_i_L0+1, 1
;seven_segmentpushbtn.c,15 :: 		}
L_main5:
;seven_segmentpushbtn.c,16 :: 		}
L_main4:
;seven_segmentpushbtn.c,17 :: 		}
L_main2:
;seven_segmentpushbtn.c,18 :: 		if(PORTD.F1 == 1){
0x0042	0x1C88      	BTFSS      PORTD, 1
0x0043	0x2863      	GOTO       L_main6
;seven_segmentpushbtn.c,19 :: 		delay_ms(300);
0x0044	0x3004      	MOVLW      4
0x0045	0x00FB      	MOVWF      R11
0x0046	0x300C      	MOVLW      12
0x0047	0x00FC      	MOVWF      R12
0x0048	0x3033      	MOVLW      51
0x0049	0x00FD      	MOVWF      R13
L_main7:
0x004A	0x0BFD      	DECFSZ     R13, 1
0x004B	0x284A      	GOTO       L_main7
0x004C	0x0BFC      	DECFSZ     R12, 1
0x004D	0x284A      	GOTO       L_main7
0x004E	0x0BFB      	DECFSZ     R11, 1
0x004F	0x284A      	GOTO       L_main7
0x0050	0x0000      	NOP
0x0051	0x0000      	NOP
;seven_segmentpushbtn.c,20 :: 		if(PORTD.F1 == 1){
0x0052	0x1C88      	BTFSS      PORTD, 1
0x0053	0x2863      	GOTO       L_main8
;seven_segmentpushbtn.c,21 :: 		if(i>0){
0x0054	0x3080      	MOVLW      128
0x0055	0x00F0      	MOVWF      R0
0x0056	0x3080      	MOVLW      128
0x0057	0x062D      	XORWF      main_i_L0+1, 0
0x0058	0x0270      	SUBWF      R0, 0
0x0059	0x1D03      	BTFSS      STATUS, 2
0x005A	0x285D      	GOTO       L__main12
0x005B	0x082C      	MOVF       main_i_L0, 0
0x005C	0x3C00      	SUBLW      0
L__main12:
0x005D	0x1803      	BTFSC      STATUS, 0
0x005E	0x2863      	GOTO       L_main9
;seven_segmentpushbtn.c,22 :: 		i--;
0x005F	0x3001      	MOVLW      1
0x0060	0x02AC      	SUBWF      main_i_L0, 1
0x0061	0x1C03      	BTFSS      STATUS, 0
0x0062	0x03AD      	DECF       main_i_L0+1, 1
;seven_segmentpushbtn.c,23 :: 		}
L_main9:
;seven_segmentpushbtn.c,24 :: 		}
L_main8:
;seven_segmentpushbtn.c,25 :: 		}
L_main6:
;seven_segmentpushbtn.c,26 :: 		PORTB = segment[i];
0x0063	0x082C      	MOVF       main_i_L0, 0
0x0064	0x3E22      	ADDLW      main_segment_L0
0x0065	0x0084      	MOVWF      FSR
0x0066	0x0800      	MOVF       INDF, 0
0x0067	0x0086      	MOVWF      PORTB
;seven_segmentpushbtn.c,27 :: 		}
0x0068	0x2822      	GOTO       L_main0
;seven_segmentpushbtn.c,29 :: 		}
L_end_main:
0x0069	0x2869      	GOTO       $+0
; end of _main
Symbol List:
//** Routines locations **
//ADDRESS    SIZE    PROCEDURE
//----------------------------------------------
0x0003     [103]    _main
//** Variables locations ** 
//ADDRESS    SIZE    VARIABLE
//----------------------------------------------
0x0000       [1]    INDF
0x0003       [1]    STATUS
0x0004       [1]    FSR
0x0006       [1]    PORTB
0x0008       [1]    PORTD
0x000A       [1]    PCLATH
0x0020       [2]    ___DoICPAddr
0x0022      [10]    main_segment_L0
0x002C       [2]    main_i_L0
0x0070       [1]    R0
0x0071       [1]    R1
0x0072       [1]    R2
0x0073       [1]    R3
0x0074       [1]    R4
0x0075       [1]    R5
0x0076       [1]    R6
0x0077       [1]    R7
0x0078       [1]    R8
0x0079       [1]    R9
0x007A       [1]    R10
0x007B       [1]    R11
0x007C       [1]    R12
0x007D       [1]    R13
0x007E       [1]    R14
0x007F       [1]    R15
0x0086       [1]    TRISB
0x0088       [1]    TRISD
