;  LST file generated by mikroListExporter - v.2.0 
; Date/Time: 9/14/2022 9:53:23 PM
;----------------------------------------------

;Address Opcode 	ASM
0x0000	0x2803      	GOTO       3
_main:
;SevenSegment.c,1 :: 		void main() {
;SevenSegment.c,2 :: 		unsigned int segment[10] = {0x3F,0x06,0x5B,0x4F,0x66,0x6D,0x7C,0x07,0x7F,0x6F};
0x0003	0x303F      	MOVLW      63
0x0004	0x1283      	BCF        STATUS, 5
0x0005	0x1303      	BCF        STATUS, 6
0x0006	0x00A2      	MOVWF      main_segment_L0
0x0007	0x3000      	MOVLW      0
0x0008	0x00A3      	MOVWF      main_segment_L0+1
0x0009	0x3006      	MOVLW      6
0x000A	0x00A4      	MOVWF      main_segment_L0+2
0x000B	0x3000      	MOVLW      0
0x000C	0x00A5      	MOVWF      main_segment_L0+3
0x000D	0x305B      	MOVLW      91
0x000E	0x00A6      	MOVWF      main_segment_L0+4
0x000F	0x3000      	MOVLW      0
0x0010	0x00A7      	MOVWF      main_segment_L0+5
0x0011	0x304F      	MOVLW      79
0x0012	0x00A8      	MOVWF      main_segment_L0+6
0x0013	0x3000      	MOVLW      0
0x0014	0x00A9      	MOVWF      main_segment_L0+7
0x0015	0x3066      	MOVLW      102
0x0016	0x00AA      	MOVWF      main_segment_L0+8
0x0017	0x3000      	MOVLW      0
0x0018	0x00AB      	MOVWF      main_segment_L0+9
0x0019	0x306D      	MOVLW      109
0x001A	0x00AC      	MOVWF      main_segment_L0+10
0x001B	0x3000      	MOVLW      0
0x001C	0x00AD      	MOVWF      main_segment_L0+11
0x001D	0x307C      	MOVLW      124
0x001E	0x00AE      	MOVWF      main_segment_L0+12
0x001F	0x3000      	MOVLW      0
0x0020	0x00AF      	MOVWF      main_segment_L0+13
0x0021	0x3007      	MOVLW      7
0x0022	0x00B0      	MOVWF      main_segment_L0+14
0x0023	0x3000      	MOVLW      0
0x0024	0x00B1      	MOVWF      main_segment_L0+15
0x0025	0x307F      	MOVLW      127
0x0026	0x00B2      	MOVWF      main_segment_L0+16
0x0027	0x3000      	MOVLW      0
0x0028	0x00B3      	MOVWF      main_segment_L0+17
0x0029	0x306F      	MOVLW      111
0x002A	0x00B4      	MOVWF      main_segment_L0+18
0x002B	0x3000      	MOVLW      0
0x002C	0x00B5      	MOVWF      main_segment_L0+19
;SevenSegment.c,4 :: 		TRISC = 0x00;
0x002D	0x1683      	BSF        STATUS, 5
0x002E	0x0187      	CLRF       TRISC
;SevenSegment.c,5 :: 		PORTC = 0x00;
0x002F	0x1283      	BCF        STATUS, 5
0x0030	0x0187      	CLRF       PORTC
;SevenSegment.c,7 :: 		while(1){
L_main0:
;SevenSegment.c,8 :: 		for(i=0;i<10;i++){
0x0031	0x01F3      	CLRF       R3
0x0032	0x01F4      	CLRF       R3+1
L_main2:
0x0033	0x3080      	MOVLW      128
0x0034	0x0674      	XORWF      R3+1, 0
0x0035	0x00F0      	MOVWF      R0
0x0036	0x3080      	MOVLW      128
0x0037	0x0270      	SUBWF      R0, 0
0x0038	0x1D03      	BTFSS      STATUS, 2
0x0039	0x283C      	GOTO       L__main7
0x003A	0x300A      	MOVLW      10
0x003B	0x0273      	SUBWF      R3, 0
L__main7:
0x003C	0x1803      	BTFSC      STATUS, 0
0x003D	0x285C      	GOTO       L_main3
;SevenSegment.c,9 :: 		PORTC = segment[i];
0x003E	0x0873      	MOVF       R3, 0
0x003F	0x00F0      	MOVWF      R0
0x0040	0x0874      	MOVF       R3+1, 0
0x0041	0x00F1      	MOVWF      R0+1
0x0042	0x0DF0      	RLF        R0, 1
0x0043	0x0DF1      	RLF        R0+1, 1
0x0044	0x1070      	BCF        R0, 0
0x0045	0x0870      	MOVF       R0, 0
0x0046	0x3E22      	ADDLW      main_segment_L0
0x0047	0x0084      	MOVWF      FSR
0x0048	0x0800      	MOVF       INDF, 0
0x0049	0x0087      	MOVWF      PORTC
;SevenSegment.c,10 :: 		Delay_ms(1000);
0x004A	0x300B      	MOVLW      11
0x004B	0x00FB      	MOVWF      R11
0x004C	0x3026      	MOVLW      38
0x004D	0x00FC      	MOVWF      R12
0x004E	0x305D      	MOVLW      93
0x004F	0x00FD      	MOVWF      R13
L_main5:
0x0050	0x0BFD      	DECFSZ     R13, 1
0x0051	0x2850      	GOTO       L_main5
0x0052	0x0BFC      	DECFSZ     R12, 1
0x0053	0x2850      	GOTO       L_main5
0x0054	0x0BFB      	DECFSZ     R11, 1
0x0055	0x2850      	GOTO       L_main5
0x0056	0x0000      	NOP
0x0057	0x0000      	NOP
;SevenSegment.c,8 :: 		for(i=0;i<10;i++){
0x0058	0x0AF3      	INCF       R3, 1
0x0059	0x1903      	BTFSC      STATUS, 2
0x005A	0x0AF4      	INCF       R3+1, 1
;SevenSegment.c,11 :: 		}
0x005B	0x2833      	GOTO       L_main2
L_main3:
;SevenSegment.c,12 :: 		}
0x005C	0x2831      	GOTO       L_main0
;SevenSegment.c,13 :: 		}
L_end_main:
0x005D	0x285D      	GOTO       $+0
; end of _main
Symbol List:
//** Routines locations **
//ADDRESS    SIZE    PROCEDURE
//----------------------------------------------
0x0003      [91]    _main
//** Variables locations ** 
//ADDRESS    SIZE    VARIABLE
//----------------------------------------------
0x0000       [1]    INDF
0x0003       [1]    STATUS
0x0004       [1]    FSR
0x0007       [1]    PORTC
0x000A       [1]    PCLATH
0x0020       [2]    ___DoICPAddr
0x0022      [20]    main_segment_L0
0x0070       [1]    R0
0x0071       [1]    R1
0x0072       [1]    R2
0x0073       [1]    R3
0x0074       [1]    R4
0x0075       [1]    R5
0x0076       [1]    R6
0x0077       [1]    R7
0x0078       [1]    R8
0x0079       [1]    R9
0x007A       [1]    R10
0x007B       [1]    R11
0x007C       [1]    R12
0x007D       [1]    R13
0x007E       [1]    R14
0x007F       [1]    R15
0x0087       [1]    TRISC
