;  LST file generated by mikroListExporter - v.2.0 
; Date/Time: 9/19/2022 4:16:04 PM
;----------------------------------------------

;Address Opcode 	ASM
0x0000	0x2850      	GOTO       80
_lcd_data:
;LCD_Manual_Command.c,46 :: 		void lcd_data(unsigned char ch){
;LCD_Manual_Command.c,47 :: 		lcd_cmd_or_data = ch;
0x0003	0x1283      	BCF        STATUS, 5
0x0004	0x1303      	BCF        STATUS, 6
0x0005	0x084C      	MOVF       FARG_lcd_data_ch, 0
0x0006	0x0087      	MOVWF      PORTC
;LCD_Manual_Command.c,48 :: 		rs = 1; //data
0x0007	0x1406      	BSF        PORTB, 0
;LCD_Manual_Command.c,49 :: 		en = 1;
0x0008	0x1486      	BSF        PORTB, 1
;LCD_Manual_Command.c,50 :: 		delay_ms(10);
0x0009	0x301A      	MOVLW      26
0x000A	0x00FC      	MOVWF      R12
0x000B	0x30F8      	MOVLW      248
0x000C	0x00FD      	MOVWF      R13
L_lcd_data6:
0x000D	0x0BFD      	DECFSZ     R13, 1
0x000E	0x280D      	GOTO       L_lcd_data6
0x000F	0x0BFC      	DECFSZ     R12, 1
0x0010	0x280D      	GOTO       L_lcd_data6
0x0011	0x0000      	NOP
;LCD_Manual_Command.c,51 :: 		en = 0;
0x0012	0x1086      	BCF        PORTB, 1
;LCD_Manual_Command.c,52 :: 		}
L_end_lcd_data:
0x0013	0x0008      	RETURN
; end of _lcd_data
_____DoICP:
;__Lib_System.c,6 :: 		
;__Lib_System.c,9 :: 		
0x0014	0x1283      	BCF        STATUS, 5
0x0015	0x1303      	BCF        STATUS, 6
0x0016	0x0848      	MOVF       ___DoICPAddr+1, 0
0x0017	0x008A      	MOVWF      PCLATH
;__Lib_System.c,10 :: 		
0x0018	0x0847      	MOVF       ___DoICPAddr, 0
0x0019	0x0082      	MOVWF      PCL
;__Lib_System.c,12 :: 		
L_end_____DoICP:
0x001A	0x0008      	RETURN
; end of _____DoICP
_lcd_str:
;LCD_Manual_Command.c,30 :: 		void lcd_str(unsigned char *str){
;LCD_Manual_Command.c,31 :: 		unsigned int loop = 0;
0x001B	0x1283      	BCF        STATUS, 5
0x001C	0x1303      	BCF        STATUS, 6
0x001D	0x01CA      	CLRF       lcd_str_loop_L0
0x001E	0x01CB      	CLRF       lcd_str_loop_L0+1
;LCD_Manual_Command.c,33 :: 		lcd_data(str[loop]);
0x001F	0x01CA      	CLRF       lcd_str_loop_L0
0x0020	0x01CB      	CLRF       lcd_str_loop_L0+1
L_lcd_str2:
0x0021	0x084A      	MOVF       lcd_str_loop_L0, 0
0x0022	0x0749      	ADDWF      FARG_lcd_str_str, 0
0x0023	0x0084      	MOVWF      FSR
0x0024	0x0800      	MOVF       INDF, 0
0x0025	0x3A00      	XORLW      0
0x0026	0x1903      	BTFSC      STATUS, 2
0x0027	0x2832      	GOTO       L_lcd_str3
0x0028	0x084A      	MOVF       lcd_str_loop_L0, 0
0x0029	0x0749      	ADDWF      FARG_lcd_str_str, 0
0x002A	0x0084      	MOVWF      FSR
0x002B	0x0800      	MOVF       INDF, 0
0x002C	0x00CC      	MOVWF      FARG_lcd_data_ch
0x002D	0x2003      	CALL       _lcd_data
0x002E	0x0ACA      	INCF       lcd_str_loop_L0, 1
0x002F	0x1903      	BTFSC      STATUS, 2
0x0030	0x0ACB      	INCF       lcd_str_loop_L0+1, 1
;LCD_Manual_Command.c,34 :: 		}
0x0031	0x2821      	GOTO       L_lcd_str2
L_lcd_str3:
;LCD_Manual_Command.c,36 :: 		}
L_end_lcd_str:
0x0032	0x0008      	RETURN
; end of _lcd_str
___CC2DW:
;__Lib_System.c,134 :: 		
;__Lib_System.c,137 :: 		
_CC2D_Loop1:
;__Lib_System.c,139 :: 		
0x0033	0x2014      	CALL       _____DoICP
0x0034	0x118A      	BCF        PCLATH, 3
0x0035	0x120A      	BCF        PCLATH, 4
;__Lib_System.c,141 :: 		
0x0036	0x0080      	MOVWF      INDF
;__Lib_System.c,142 :: 		
0x0037	0x0A84      	INCF       FSR, 1
;__Lib_System.c,143 :: 		
0x0038	0x0AC7      	INCF       ___DoICPAddr, 1
;__Lib_System.c,145 :: 		
0x0039	0x1903      	BTFSC      STATUS, 2
;__Lib_System.c,146 :: 		
0x003A	0x0AC8      	INCF       ___DoICPAddr+1, 1
;__Lib_System.c,147 :: 		
0x003B	0x03F0      	DECF       R0, 1
;__Lib_System.c,149 :: 		
0x003C	0x1D03      	BTFSS      STATUS, 2
;__Lib_System.c,150 :: 		
0x003D	0x2833      	GOTO       _CC2D_Loop1
;__Lib_System.c,152 :: 		
L_end___CC2DW:
0x003E	0x0008      	RETURN
; end of ___CC2DW
_lcd_cmd:
;LCD_Manual_Command.c,38 :: 		void lcd_cmd(unsigned char ch){
;LCD_Manual_Command.c,39 :: 		lcd_cmd_or_data = ch;
0x003F	0x1283      	BCF        STATUS, 5
0x0040	0x1303      	BCF        STATUS, 6
0x0041	0x0849      	MOVF       FARG_lcd_cmd_ch, 0
0x0042	0x0087      	MOVWF      PORTC
;LCD_Manual_Command.c,40 :: 		rs = 0; //cmd
0x0043	0x1006      	BCF        PORTB, 0
;LCD_Manual_Command.c,41 :: 		en = 1;
0x0044	0x1486      	BSF        PORTB, 1
;LCD_Manual_Command.c,42 :: 		delay_ms(10);
0x0045	0x301A      	MOVLW      26
0x0046	0x00FC      	MOVWF      R12
0x0047	0x30F8      	MOVLW      248
0x0048	0x00FD      	MOVWF      R13
L_lcd_cmd5:
0x0049	0x0BFD      	DECFSZ     R13, 1
0x004A	0x2849      	GOTO       L_lcd_cmd5
0x004B	0x0BFC      	DECFSZ     R12, 1
0x004C	0x2849      	GOTO       L_lcd_cmd5
0x004D	0x0000      	NOP
;LCD_Manual_Command.c,43 :: 		en = 0;
0x004E	0x1086      	BCF        PORTB, 1
;LCD_Manual_Command.c,44 :: 		}
L_end_lcd_cmd:
0x004F	0x0008      	RETURN
; end of _lcd_cmd
_main:
0x0050	0x20A8      	CALL       168
;LCD_Manual_Command.c,8 :: 		void main() {
;LCD_Manual_Command.c,9 :: 		TRISB = 0;
0x0051	0x1683      	BSF        STATUS, 5
0x0052	0x1303      	BCF        STATUS, 6
0x0053	0x0186      	CLRF       TRISB
;LCD_Manual_Command.c,10 :: 		TRISC = 0;
0x0054	0x0187      	CLRF       TRISC
;LCD_Manual_Command.c,12 :: 		lcd_cmd(0x38); // 8bit,2Line,5X7 dots
0x0055	0x3038      	MOVLW      56
0x0056	0x1283      	BCF        STATUS, 5
0x0057	0x00C9      	MOVWF      FARG_lcd_cmd_ch
0x0058	0x203F      	CALL       _lcd_cmd
;LCD_Manual_Command.c,13 :: 		lcd_cmd(0x0e); //Display on,Cursor On
0x0059	0x300E      	MOVLW      14
0x005A	0x00C9      	MOVWF      FARG_lcd_cmd_ch
0x005B	0x203F      	CALL       _lcd_cmd
;LCD_Manual_Command.c,15 :: 		while(1){
L_main0:
;LCD_Manual_Command.c,16 :: 		lcd_cmd(0x01); //clear Display
0x005C	0x3001      	MOVLW      1
0x005D	0x00C9      	MOVWF      FARG_lcd_cmd_ch
0x005E	0x203F      	CALL       _lcd_cmd
;LCD_Manual_Command.c,17 :: 		lcd_cmd(0x80); //1st row
0x005F	0x3080      	MOVLW      128
0x0060	0x00C9      	MOVWF      FARG_lcd_cmd_ch
0x0061	0x203F      	CALL       _lcd_cmd
;LCD_Manual_Command.c,18 :: 		lcd_data('A');
0x0062	0x3041      	MOVLW      65
0x0063	0x00CC      	MOVWF      FARG_lcd_data_ch
0x0064	0x2003      	CALL       _lcd_data
;LCD_Manual_Command.c,19 :: 		lcd_cmd(0xc0); //2nd row
0x0065	0x30C0      	MOVLW      192
0x0066	0x00C9      	MOVWF      FARG_lcd_cmd_ch
0x0067	0x203F      	CALL       _lcd_cmd
;LCD_Manual_Command.c,20 :: 		lcd_str("Welcome to PIC");
0x0068	0x3038      	MOVLW      ?lstr1_LCD_Manual_Command
0x0069	0x00C9      	MOVWF      FARG_lcd_str_str
0x006A	0x201B      	CALL       _lcd_str
;LCD_Manual_Command.c,21 :: 		lcd_cmd(0x01); //clear Display
0x006B	0x3001      	MOVLW      1
0x006C	0x00C9      	MOVWF      FARG_lcd_cmd_ch
0x006D	0x203F      	CALL       _lcd_cmd
;LCD_Manual_Command.c,22 :: 		lcd_cmd(0x80); //1st row
0x006E	0x3080      	MOVLW      128
0x006F	0x00C9      	MOVWF      FARG_lcd_cmd_ch
0x0070	0x203F      	CALL       _lcd_cmd
;LCD_Manual_Command.c,23 :: 		lcd_str("My Name is");
0x0071	0x3020      	MOVLW      ?lstr2_LCD_Manual_Command
0x0072	0x00C9      	MOVWF      FARG_lcd_str_str
0x0073	0x201B      	CALL       _lcd_str
;LCD_Manual_Command.c,24 :: 		lcd_cmd(0xc0); //2nd row
0x0074	0x30C0      	MOVLW      192
0x0075	0x00C9      	MOVWF      FARG_lcd_cmd_ch
0x0076	0x203F      	CALL       _lcd_cmd
;LCD_Manual_Command.c,25 :: 		lcd_str("Tahmid Hasan");
0x0077	0x302B      	MOVLW      ?lstr3_LCD_Manual_Command
0x0078	0x00C9      	MOVWF      FARG_lcd_str_str
0x0079	0x201B      	CALL       _lcd_str
;LCD_Manual_Command.c,26 :: 		}
0x007A	0x285C      	GOTO       L_main0
;LCD_Manual_Command.c,28 :: 		}
L_end_main:
0x007B	0x287B      	GOTO       $+0
; end of _main
0x00A8	0x3020      	MOVLW      32
0x00A9	0x0084      	MOVWF      FSR
0x00AA	0x3027      	MOVLW      39
0x00AB	0x1283      	BCF        STATUS, 5
0x00AC	0x1303      	BCF        STATUS, 6
0x00AD	0x00F0      	MOVWF      R0
0x00AE	0x3081      	MOVLW      129
0x00AF	0x00C7      	MOVWF      ___DoICPAddr
0x00B0	0x3000      	MOVLW      0
0x00B1	0x00C8      	MOVWF      72
0x00B2	0x2033      	CALL       51
0x00B3	0x0008      	RETURN
;LCD_Manual_Command.c,0 :: ?ICS?lstr2_LCD_Manual_Command
0x0081	0x344D ;?ICS?lstr2_LCD_Manual_Command+0
0x0082	0x3479 ;?ICS?lstr2_LCD_Manual_Command+1
0x0083	0x3420 ;?ICS?lstr2_LCD_Manual_Command+2
0x0084	0x344E ;?ICS?lstr2_LCD_Manual_Command+3
0x0085	0x3461 ;?ICS?lstr2_LCD_Manual_Command+4
0x0086	0x346D ;?ICS?lstr2_LCD_Manual_Command+5
0x0087	0x3465 ;?ICS?lstr2_LCD_Manual_Command+6
0x0088	0x3420 ;?ICS?lstr2_LCD_Manual_Command+7
0x0089	0x3469 ;?ICS?lstr2_LCD_Manual_Command+8
0x008A	0x3473 ;?ICS?lstr2_LCD_Manual_Command+9
0x008B	0x3400 ;?ICS?lstr2_LCD_Manual_Command+10
; end of ?ICS?lstr2_LCD_Manual_Command
;LCD_Manual_Command.c,0 :: ?ICS?lstr3_LCD_Manual_Command
0x008C	0x3454 ;?ICS?lstr3_LCD_Manual_Command+0
0x008D	0x3461 ;?ICS?lstr3_LCD_Manual_Command+1
0x008E	0x3468 ;?ICS?lstr3_LCD_Manual_Command+2
0x008F	0x346D ;?ICS?lstr3_LCD_Manual_Command+3
0x0090	0x3469 ;?ICS?lstr3_LCD_Manual_Command+4
0x0091	0x3464 ;?ICS?lstr3_LCD_Manual_Command+5
0x0092	0x3420 ;?ICS?lstr3_LCD_Manual_Command+6
0x0093	0x3448 ;?ICS?lstr3_LCD_Manual_Command+7
0x0094	0x3461 ;?ICS?lstr3_LCD_Manual_Command+8
0x0095	0x3473 ;?ICS?lstr3_LCD_Manual_Command+9
0x0096	0x3461 ;?ICS?lstr3_LCD_Manual_Command+10
0x0097	0x346E ;?ICS?lstr3_LCD_Manual_Command+11
0x0098	0x3400 ;?ICS?lstr3_LCD_Manual_Command+12
; end of ?ICS?lstr3_LCD_Manual_Command
;LCD_Manual_Command.c,0 :: ?ICS?lstr1_LCD_Manual_Command
0x0099	0x3457 ;?ICS?lstr1_LCD_Manual_Command+0
0x009A	0x3465 ;?ICS?lstr1_LCD_Manual_Command+1
0x009B	0x346C ;?ICS?lstr1_LCD_Manual_Command+2
0x009C	0x3463 ;?ICS?lstr1_LCD_Manual_Command+3
0x009D	0x346F ;?ICS?lstr1_LCD_Manual_Command+4
0x009E	0x346D ;?ICS?lstr1_LCD_Manual_Command+5
0x009F	0x3465 ;?ICS?lstr1_LCD_Manual_Command+6
0x00A0	0x3420 ;?ICS?lstr1_LCD_Manual_Command+7
0x00A1	0x3474 ;?ICS?lstr1_LCD_Manual_Command+8
0x00A2	0x346F ;?ICS?lstr1_LCD_Manual_Command+9
0x00A3	0x3420 ;?ICS?lstr1_LCD_Manual_Command+10
0x00A4	0x3450 ;?ICS?lstr1_LCD_Manual_Command+11
0x00A5	0x3449 ;?ICS?lstr1_LCD_Manual_Command+12
0x00A6	0x3443 ;?ICS?lstr1_LCD_Manual_Command+13
0x00A7	0x3400 ;?ICS?lstr1_LCD_Manual_Command+14
; end of ?ICS?lstr1_LCD_Manual_Command
Symbol List:
//** Routines locations **
//ADDRESS    SIZE    PROCEDURE
//----------------------------------------------
0x0003      [17]    _lcd_data
0x0014       [7]    _____DoICP
0x001B      [24]    _lcd_str
0x0033      [12]    ___CC2DW
0x003F      [17]    _lcd_cmd
0x0050      [43]    _main
//** Variables locations ** 
//ADDRESS    SIZE    VARIABLE
//----------------------------------------------
0x0000       [1]    INDF
0x0002       [1]    PCL
0x0003       [1]    STATUS
0x0004       [1]    FSR
0x0006       [1]    PORTB
0x0007       [1]    PORTC
0x000A       [1]    PCLATH
0x0020      [11]    ?lstr2_LCD_Manual_Command
0x002B      [13]    ?lstr3_LCD_Manual_Command
0x0038      [15]    ?lstr1_LCD_Manual_Command
0x0047       [2]    ___DoICPAddr
0x0049       [1]    FARG_lcd_str_str
0x0049       [1]    FARG_lcd_cmd_ch
0x004A       [2]    lcd_str_loop_L0
0x004C       [1]    FARG_lcd_data_ch
0x0070       [1]    R0
0x0071       [1]    R1
0x0072       [1]    R2
0x0073       [1]    R3
0x0074       [1]    R4
0x0075       [1]    R5
0x0076       [1]    R6
0x0077       [1]    R7
0x0078       [1]    R8
0x0079       [1]    R9
0x007A       [1]    R10
0x007B       [1]    R11
0x007C       [1]    R12
0x007D       [1]    R13
0x007E       [1]    R14
0x007F       [1]    R15
0x0086       [1]    TRISB
0x0087       [1]    TRISC
//** Constants locations ** 
//ADDRESS    SIZE    CONSTANT
//----------------------------------------------
0x0081      [11]    ?ICS?lstr2_LCD_Manual_Command
0x008C      [13]    ?ICS?lstr3_LCD_Manual_Command
0x0099      [15]    ?ICS?lstr1_LCD_Manual_Command
