;  LST file generated by mikroListExporter - v.2.0 
; Date/Time: 9/20/2022 10:53:05 AM
;----------------------------------------------

;Address Opcode 	ASM
0x0000	0x289B      	GOTO       155
_UART1_Read:
;__Lib_UART_c67.c,21 :: 		
;__Lib_UART_c67.c,24 :: 		
0x0003	0x1283      	BCF        STATUS, 5
0x0004	0x1303      	BCF        STATUS, 6
0x0005	0x081A      	MOVF       RCREG, 0
0x0006	0x00F1      	MOVWF      R1
;__Lib_UART_c67.c,25 :: 		
0x0007	0x1C98      	BTFSS      RCSTA, 1
0x0008	0x280B      	GOTO       L_UART1_Read2
;__Lib_UART_c67.c,26 :: 		
0x0009	0x1218      	BCF        RCSTA, 4
;__Lib_UART_c67.c,27 :: 		
0x000A	0x1618      	BSF        RCSTA, 4
;__Lib_UART_c67.c,28 :: 		
L_UART1_Read2:
;__Lib_UART_c67.c,29 :: 		
0x000B	0x0871      	MOVF       R1, 0
0x000C	0x00F0      	MOVWF      R0
;__Lib_UART_c67.c,30 :: 		
L_end_UART1_Read:
0x000D	0x0008      	RETURN
; end of _UART1_Read
_UART1_Write:
;__Lib_UART_c67.c,39 :: 		
;__Lib_UART_c67.c,40 :: 		
L_UART1_Write3:
0x000E	0x1683      	BSF        STATUS, 5
0x000F	0x1303      	BCF        STATUS, 6
0x0010	0x1898      	BTFSC      TXSTA, 1
0x0011	0x2814      	GOTO       L_UART1_Write4
;__Lib_UART_c67.c,41 :: 		
0x0012	0x0000      	NOP
0x0013	0x280E      	GOTO       L_UART1_Write3
L_UART1_Write4:
;__Lib_UART_c67.c,42 :: 		
0x0014	0x1283      	BCF        STATUS, 5
0x0015	0x0831      	MOVF       FARG_UART1_Write_data_, 0
0x0016	0x0099      	MOVWF      TXREG
;__Lib_UART_c67.c,43 :: 		
L_end_UART1_Write:
0x0017	0x0008      	RETURN
; end of _UART1_Write
_UART1_Data_Ready:
;__Lib_UART_c67.c,16 :: 		
;__Lib_UART_c67.c,17 :: 		
0x0018	0x3000      	MOVLW      0
0x0019	0x1283      	BCF        STATUS, 5
0x001A	0x1303      	BCF        STATUS, 6
0x001B	0x1A8C      	BTFSC      PIR1, 5
0x001C	0x3001      	MOVLW      1
0x001D	0x00F0      	MOVWF      R0
;__Lib_UART_c67.c,18 :: 		
L_end_UART1_Data_Ready:
0x001E	0x0008      	RETURN
; end of _UART1_Data_Ready
_____DoICP:
;__Lib_System.c,6 :: 		
;__Lib_System.c,9 :: 		
0x001F	0x1283      	BCF        STATUS, 5
0x0020	0x1303      	BCF        STATUS, 6
0x0021	0x082A      	MOVF       ___DoICPAddr+1, 0
0x0022	0x008A      	MOVWF      PCLATH
;__Lib_System.c,10 :: 		
0x0023	0x0829      	MOVF       ___DoICPAddr, 0
0x0024	0x0082      	MOVWF      PCL
;__Lib_System.c,12 :: 		
L_end_____DoICP:
0x0025	0x0008      	RETURN
; end of _____DoICP
___CC2DW:
;__Lib_System.c,134 :: 		
;__Lib_System.c,137 :: 		
_CC2D_Loop1:
;__Lib_System.c,139 :: 		
0x0026	0x201F      	CALL       _____DoICP
0x0027	0x118A      	BCF        PCLATH, 3
0x0028	0x120A      	BCF        PCLATH, 4
;__Lib_System.c,141 :: 		
0x0029	0x0080      	MOVWF      INDF
;__Lib_System.c,142 :: 		
0x002A	0x0A84      	INCF       FSR, 1
;__Lib_System.c,143 :: 		
0x002B	0x0AA9      	INCF       ___DoICPAddr, 1
;__Lib_System.c,145 :: 		
0x002C	0x1903      	BTFSC      STATUS, 2
;__Lib_System.c,146 :: 		
0x002D	0x0AAA      	INCF       ___DoICPAddr+1, 1
;__Lib_System.c,147 :: 		
0x002E	0x03F0      	DECF       R0, 1
;__Lib_System.c,149 :: 		
0x002F	0x1D03      	BTFSS      STATUS, 2
;__Lib_System.c,150 :: 		
0x0030	0x2826      	GOTO       _CC2D_Loop1
;__Lib_System.c,152 :: 		
L_end___CC2DW:
0x0031	0x0008      	RETURN
; end of ___CC2DW
_UART1_Read_Text:
;__Lib_UART_c67.c,59 :: 		
;__Lib_UART_c67.c,60 :: 		
0x0032	0x1283      	BCF        STATUS, 5
0x0033	0x1303      	BCF        STATUS, 6
0x0034	0x01AF      	CLRF       UART1_Read_Text_out_idx_L0
0x0035	0x01B0      	CLRF       UART1_Read_Text_delim_idx_L0
;__Lib_UART_c67.c,62 :: 		
L_UART1_Read_Text7:
0x0036	0x082D      	MOVF       FARG_UART1_Read_Text_Attempts, 0
0x0037	0x1903      	BTFSC      STATUS, 2
0x0038	0x2871      	GOTO       L_UART1_Read_Text8
;__Lib_UART_c67.c,64 :: 		
0x0039	0x082D      	MOVF       FARG_UART1_Read_Text_Attempts, 0
0x003A	0x3AFF      	XORLW      255
0x003B	0x1903      	BTFSC      STATUS, 2
0x003C	0x283E      	GOTO       L_UART1_Read_Text9
;__Lib_UART_c67.c,65 :: 		
0x003D	0x03AD      	DECF       FARG_UART1_Read_Text_Attempts, 1
L_UART1_Read_Text9:
;__Lib_UART_c67.c,67 :: 		
L_UART1_Read_Text10:
0x003E	0x2018      	CALL       _UART1_Data_Ready
0x003F	0x0870      	MOVF       R0, 0
0x0040	0x3A00      	XORLW      0
0x0041	0x1D03      	BTFSS      STATUS, 2
0x0042	0x2844      	GOTO       L_UART1_Read_Text11
;__Lib_UART_c67.c,68 :: 		
0x0043	0x283E      	GOTO       L_UART1_Read_Text10
L_UART1_Read_Text11:
;__Lib_UART_c67.c,70 :: 		
0x0044	0x2003      	CALL       _UART1_Read
0x0045	0x0870      	MOVF       R0, 0
0x0046	0x00AE      	MOVWF      UART1_Read_Text_r_data_L0
;__Lib_UART_c67.c,71 :: 		
0x0047	0x082F      	MOVF       UART1_Read_Text_out_idx_L0, 0
0x0048	0x072B      	ADDWF      FARG_UART1_Read_Text_Output, 0
0x0049	0x0084      	MOVWF      FSR
0x004A	0x0870      	MOVF       R0, 0
0x004B	0x0080      	MOVWF      INDF
0x004C	0x0AAF      	INCF       UART1_Read_Text_out_idx_L0, 1
;__Lib_UART_c67.c,72 :: 		
0x004D	0x0830      	MOVF       UART1_Read_Text_delim_idx_L0, 0
0x004E	0x072C      	ADDWF      FARG_UART1_Read_Text_Delimiter, 0
0x004F	0x0084      	MOVWF      FSR
0x0050	0x0800      	MOVF       INDF, 0
0x0051	0x062E      	XORWF      UART1_Read_Text_r_data_L0, 0
0x0052	0x1D03      	BTFSS      STATUS, 2
0x0053	0x2856      	GOTO       L_UART1_Read_Text12
;__Lib_UART_c67.c,73 :: 		
0x0054	0x0AB0      	INCF       UART1_Read_Text_delim_idx_L0, 1
;__Lib_UART_c67.c,74 :: 		
0x0055	0x285E      	GOTO       L_UART1_Read_Text13
L_UART1_Read_Text12:
;__Lib_UART_c67.c,76 :: 		
0x0056	0x01B0      	CLRF       UART1_Read_Text_delim_idx_L0
;__Lib_UART_c67.c,77 :: 		
0x0057	0x082C      	MOVF       FARG_UART1_Read_Text_Delimiter, 0
0x0058	0x0084      	MOVWF      FSR
0x0059	0x0800      	MOVF       INDF, 0
0x005A	0x062E      	XORWF      UART1_Read_Text_r_data_L0, 0
0x005B	0x1D03      	BTFSS      STATUS, 2
0x005C	0x285E      	GOTO       L_UART1_Read_Text14
;__Lib_UART_c67.c,78 :: 		
0x005D	0x0AB0      	INCF       UART1_Read_Text_delim_idx_L0, 1
;__Lib_UART_c67.c,79 :: 		
L_UART1_Read_Text14:
;__Lib_UART_c67.c,80 :: 		
L_UART1_Read_Text13:
;__Lib_UART_c67.c,82 :: 		
0x005E	0x0830      	MOVF       UART1_Read_Text_delim_idx_L0, 0
0x005F	0x072C      	ADDWF      FARG_UART1_Read_Text_Delimiter, 0
0x0060	0x0084      	MOVWF      FSR
0x0061	0x0800      	MOVF       INDF, 0
0x0062	0x3A00      	XORLW      0
0x0063	0x1D03      	BTFSS      STATUS, 2
0x0064	0x2870      	GOTO       L_UART1_Read_Text15
;__Lib_UART_c67.c,83 :: 		
0x0065	0x0830      	MOVF       UART1_Read_Text_delim_idx_L0, 0
0x0066	0x022F      	SUBWF      UART1_Read_Text_out_idx_L0, 0
0x0067	0x00F0      	MOVWF      R0
0x0068	0x01F1      	CLRF       R0+1
0x0069	0x1C03      	BTFSS      STATUS, 0
0x006A	0x03F1      	DECF       R0+1, 1
0x006B	0x0870      	MOVF       R0, 0
0x006C	0x072B      	ADDWF      FARG_UART1_Read_Text_Output, 0
0x006D	0x0084      	MOVWF      FSR
0x006E	0x0180      	CLRF       INDF
;__Lib_UART_c67.c,84 :: 		
0x006F	0x2874      	GOTO       L_end_UART1_Read_Text
;__Lib_UART_c67.c,85 :: 		
L_UART1_Read_Text15:
;__Lib_UART_c67.c,87 :: 		
0x0070	0x2836      	GOTO       L_UART1_Read_Text7
L_UART1_Read_Text8:
;__Lib_UART_c67.c,88 :: 		
0x0071	0x082B      	MOVF       FARG_UART1_Read_Text_Output, 0
0x0072	0x0084      	MOVWF      FSR
0x0073	0x0180      	CLRF       INDF
;__Lib_UART_c67.c,89 :: 		
L_end_UART1_Read_Text:
0x0074	0x0008      	RETURN
; end of _UART1_Read_Text
_UART1_Write_Text:
;__Lib_UART_c67.c,47 :: 		
;__Lib_UART_c67.c,48 :: 		
0x0075	0x1283      	BCF        STATUS, 5
0x0076	0x1303      	BCF        STATUS, 6
0x0077	0x01AD      	CLRF       UART1_Write_Text_counter_L0
;__Lib_UART_c67.c,50 :: 		
0x0078	0x082B      	MOVF       FARG_UART1_Write_Text_uart_text, 0
0x0079	0x0084      	MOVWF      FSR
0x007A	0x0800      	MOVF       INDF, 0
0x007B	0x00AC      	MOVWF      UART1_Write_Text_data__L0
;__Lib_UART_c67.c,51 :: 		
L_UART1_Write_Text5:
0x007C	0x082C      	MOVF       UART1_Write_Text_data__L0, 0
0x007D	0x3A00      	XORLW      0
0x007E	0x1903      	BTFSC      STATUS, 2
0x007F	0x288A      	GOTO       L_UART1_Write_Text6
;__Lib_UART_c67.c,52 :: 		
0x0080	0x082C      	MOVF       UART1_Write_Text_data__L0, 0
0x0081	0x00B1      	MOVWF      FARG_UART1_Write_data_
0x0082	0x200E      	CALL       _UART1_Write
;__Lib_UART_c67.c,53 :: 		
0x0083	0x0AAD      	INCF       UART1_Write_Text_counter_L0, 1
;__Lib_UART_c67.c,54 :: 		
0x0084	0x082D      	MOVF       UART1_Write_Text_counter_L0, 0
0x0085	0x072B      	ADDWF      FARG_UART1_Write_Text_uart_text, 0
0x0086	0x0084      	MOVWF      FSR
0x0087	0x0800      	MOVF       INDF, 0
0x0088	0x00AC      	MOVWF      UART1_Write_Text_data__L0
;__Lib_UART_c67.c,55 :: 		
0x0089	0x287C      	GOTO       L_UART1_Write_Text5
L_UART1_Write_Text6:
;__Lib_UART_c67.c,56 :: 		
L_end_UART1_Write_Text:
0x008A	0x0008      	RETURN
; end of _UART1_Write_Text
_UART1_Init:
;__Lib_UART_c67.c,2 :: 		
;__Lib_UART_c67.c,5 :: 		
0x008B	0x1683      	BSF        STATUS, 5
0x008C	0x1303      	BCF        STATUS, 6
0x008D	0x1698      	BSF        TXSTA, 5
;__Lib_UART_c67.c,6 :: 		
0x008E	0x3090      	MOVLW      144
0x008F	0x1283      	BCF        STATUS, 5
0x0090	0x0098      	MOVWF      RCSTA
;__Lib_UART_c67.c,7 :: 		
0x0091	0x1683      	BSF        STATUS, 5
0x0092	0x1787      	BSF        TRISC7_bit, BitPos(TRISC7_bit+0)
;__Lib_UART_c67.c,8 :: 		
0x0093	0x1307      	BCF        TRISC6_bit, BitPos(TRISC6_bit+0)
;__Lib_UART_c67.c,10 :: 		
L_UART1_Init0:
0x0094	0x1283      	BCF        STATUS, 5
0x0095	0x1E8C      	BTFSS      PIR1, 5
0x0096	0x289A      	GOTO       L_UART1_Init1
;__Lib_UART_c67.c,11 :: 		
0x0097	0x081A      	MOVF       RCREG, 0
0x0098	0x00F0      	MOVWF      R0
0x0099	0x2894      	GOTO       L_UART1_Init0
L_UART1_Init1:
;__Lib_UART_c67.c,12 :: 		
L_end_UART1_Init:
0x009A	0x0008      	RETURN
; end of _UART1_Init
_main:
0x009B	0x3068      	MOVLW      104
0x009C	0x1283      	BCF        STATUS, 5
0x009D	0x1303      	BCF        STATUS, 6
0x009E	0x00A0      	MOVWF      _output
0x009F	0x3065      	MOVLW      101
0x00A0	0x00A1      	MOVWF      33
0x00A1	0x306C      	MOVLW      108
0x00A2	0x00A2      	MOVWF      34
0x00A3	0x306C      	MOVLW      108
0x00A4	0x00A3      	MOVWF      35
0x00A5	0x306F      	MOVLW      111
0x00A6	0x00A4      	MOVWF      36
0x00A7	0x01A5      	CLRF       37
0x00A8	0x304F      	MOVLW      79
0x00A9	0x00A6      	MOVWF      ?lstr1_ADC
0x00AA	0x304B      	MOVLW      75
0x00AB	0x00A7      	MOVWF      39
0x00AC	0x01A8      	CLRF       40
;ADC.c,2 :: 		void main() {
;ADC.c,3 :: 		UART1_Init(4800);                         // initialize UART1 module
0x00AD	0x3067      	MOVLW      103
0x00AE	0x1683      	BSF        STATUS, 5
0x00AF	0x0099      	MOVWF      SPBRG
0x00B0	0x1518      	BSF        TXSTA, 2
0x00B1	0x208B      	CALL       _UART1_Init
;ADC.c,4 :: 		Delay_ms(100);
0x00B2	0x3002      	MOVLW      2
0x00B3	0x00FB      	MOVWF      R11
0x00B4	0x3004      	MOVLW      4
0x00B5	0x00FC      	MOVWF      R12
0x00B6	0x30BA      	MOVLW      186
0x00B7	0x00FD      	MOVWF      R13
L_main0:
0x00B8	0x0BFD      	DECFSZ     R13, 1
0x00B9	0x28B8      	GOTO       L_main0
0x00BA	0x0BFC      	DECFSZ     R12, 1
0x00BB	0x28B8      	GOTO       L_main0
0x00BC	0x0BFB      	DECFSZ     R11, 1
0x00BD	0x28B8      	GOTO       L_main0
0x00BE	0x0000      	NOP
;ADC.c,6 :: 		while (1) {
L_main1:
;ADC.c,7 :: 		if (UART1_Data_Ready() == 1) {          // if data is received
0x00BF	0x2018      	CALL       _UART1_Data_Ready
0x00C0	0x0870      	MOVF       R0, 0
0x00C1	0x3A01      	XORLW      1
0x00C2	0x1D03      	BTFSS      STATUS, 2
0x00C3	0x28CE      	GOTO       L_main3
;ADC.c,8 :: 		UART1_Read_Text(output, "OK", 10);    // reads text until 'OK' is found
0x00C4	0x3020      	MOVLW      _output
0x00C5	0x00AB      	MOVWF      FARG_UART1_Read_Text_Output
0x00C6	0x3026      	MOVLW      ?lstr1_ADC
0x00C7	0x00AC      	MOVWF      FARG_UART1_Read_Text_Delimiter
0x00C8	0x300A      	MOVLW      10
0x00C9	0x00AD      	MOVWF      FARG_UART1_Read_Text_Attempts
0x00CA	0x2032      	CALL       _UART1_Read_Text
;ADC.c,9 :: 		UART1_Write_Text(output);             // sends back text
0x00CB	0x3020      	MOVLW      _output
0x00CC	0x00AB      	MOVWF      FARG_UART1_Write_Text_uart_text
0x00CD	0x2075      	CALL       _UART1_Write_Text
;ADC.c,10 :: 		}
L_main3:
;ADC.c,11 :: 		}
0x00CE	0x28BF      	GOTO       L_main1
;ADC.c,15 :: 		}
L_end_main:
0x00CF	0x28CF      	GOTO       $+0
; end of _main
Symbol List:
//** Routines locations **
//ADDRESS    SIZE    PROCEDURE
//----------------------------------------------
0x0003      [11]    _UART1_Read
0x000E      [10]    _UART1_Write
0x0018       [7]    _UART1_Data_Ready
0x001F       [7]    _____DoICP
0x0026      [12]    ___CC2DW
0x0032      [67]    _UART1_Read_Text
0x0075      [22]    _UART1_Write_Text
0x008B      [16]    _UART1_Init
0x009B      [53]    _main
//** Variables locations ** 
//ADDRESS    SIZE    VARIABLE
//----------------------------------------------
0x0000       [1]    INDF
0x0002       [1]    PCL
0x0003       [1]    STATUS
0x0004       [1]    FSR
0x000A       [1]    PCLATH
0x000C       [1]    PIR1
0x0018       [1]    RCSTA
0x0019       [1]    TXREG
0x001A       [1]    RCREG
0x0020       [6]    _output
0x0026       [3]    ?lstr1_ADC
0x0029       [2]    ___DoICPAddr
0x002B       [1]    FARG_UART1_Read_Text_Output
0x002B       [1]    FARG_UART1_Write_Text_uart_text
0x002C       [1]    UART1_Write_Text_data__L0
0x002C       [1]    FARG_UART1_Read_Text_Delimiter
0x002D       [1]    UART1_Write_Text_counter_L0
0x002D       [1]    FARG_UART1_Read_Text_Attempts
0x002E       [1]    UART1_Read_Text_r_data_L0
0x002F       [1]    UART1_Read_Text_out_idx_L0
0x0030       [1]    UART1_Read_Text_delim_idx_L0
0x0031       [1]    FARG_UART1_Write_data_
0x0070       [1]    R0
0x0071       [1]    R1
0x0072       [1]    R2
0x0073       [1]    R3
0x0074       [1]    R4
0x0075       [1]    R5
0x0076       [1]    R6
0x0077       [1]    R7
0x0078       [1]    R8
0x0079       [1]    R9
0x007A       [1]    R10
0x007B       [1]    R11
0x007C       [1]    R12
0x007D       [1]    R13
0x007E       [1]    R14
0x007F       [1]    R15
0x0087       [0]    TRISC6_bit
0x0087       [0]    TRISC7_bit
0x0098       [1]    TXSTA
0x0099       [1]    SPBRG
