;  LST file generated by mikroListExporter - v.2.0 
; Date/Time: 9/21/2022 8:45:54 PM
;----------------------------------------------

;Address Opcode 	ASM
0x0000	0x2803      	GOTO       3
_main:
;practice.c,1 :: 		void main(){
;practice.c,2 :: 		TRISb = 0x00;
0x0003	0x1683      	BSF        STATUS, 5
0x0004	0x1303      	BCF        STATUS, 6
0x0005	0x0186      	CLRF       TRISB
;practice.c,3 :: 		portb = 0x00;
0x0006	0x1283      	BCF        STATUS, 5
0x0007	0x0186      	CLRF       PORTB
;practice.c,5 :: 		while(1){
L_main0:
;practice.c,7 :: 		if (PORTd.F0 == 1){
0x0008	0x1C08      	BTFSS      PORTD, 0
0x0009	0x280C      	GOTO       L_main2
;practice.c,8 :: 		PORTb.F0 = 1;
0x000A	0x1406      	BSF        PORTB, 0
;practice.c,9 :: 		PORTb.F1 = 1;
0x000B	0x1486      	BSF        PORTB, 1
;practice.c,10 :: 		}
L_main2:
;practice.c,11 :: 		if (PORTd.F0 == 0){
0x000C	0x1808      	BTFSC      PORTD, 0
0x000D	0x2810      	GOTO       L_main3
;practice.c,12 :: 		PORTb.F0 = 0;
0x000E	0x1006      	BCF        PORTB, 0
;practice.c,13 :: 		PORTb.F1 = 0;
0x000F	0x1086      	BCF        PORTB, 1
;practice.c,14 :: 		}
L_main3:
;practice.c,16 :: 		}
0x0010	0x2808      	GOTO       L_main0
;practice.c,17 :: 		}
L_end_main:
0x0011	0x2811      	GOTO       $+0
; end of _main
Symbol List:
//** Routines locations **
//ADDRESS    SIZE    PROCEDURE
//----------------------------------------------
0x0003      [15]    _main
//** Variables locations ** 
//ADDRESS    SIZE    VARIABLE
//----------------------------------------------
0x0000       [1]    INDF
0x0003       [1]    STATUS
0x0004       [1]    FSR
0x0006       [1]    PORTB
0x0008       [1]    PORTD
0x000A       [1]    PCLATH
0x0020       [2]    ___DoICPAddr
0x0070       [1]    R0
0x0071       [1]    R1
0x0072       [1]    R2
0x0073       [1]    R3
0x0074       [1]    R4
0x0075       [1]    R5
0x0076       [1]    R6
0x0077       [1]    R7
0x0078       [1]    R8
0x0079       [1]    R9
0x007A       [1]    R10
0x007B       [1]    R11
0x007C       [1]    R12
0x007D       [1]    R13
0x007E       [1]    R14
0x007F       [1]    R15
0x0086       [1]    TRISB
