;  LST file generated by mikroListExporter - v.2.0 
; Date/Time: 6/29/2022 11:15:28 AM
;----------------------------------------------

;Address Opcode 	ASM
0x0000	0x2803      	GOTO       3
_main:
;seven_segment.c,1 :: 		void main() {
;seven_segment.c,2 :: 		int status=0;
0x0003	0x1283      	BCF        STATUS, 5
0x0004	0x1303      	BCF        STATUS, 6
0x0005	0x01A2      	CLRF       main_status_L0
0x0006	0x01A3      	CLRF       main_status_L0+1
;seven_segment.c,3 :: 		TRISC = 0x00;   //Set portc as output
0x0007	0x1683      	BSF        STATUS, 5
0x0008	0x0187      	CLRF       TRISC
;seven_segment.c,4 :: 		PORTC = 0x00;   //Portc initialization
0x0009	0x1283      	BCF        STATUS, 5
0x000A	0x0187      	CLRF       PORTC
;seven_segment.c,6 :: 		TRISD = 0xff;   //Set portb as input
0x000B	0x30FF      	MOVLW      255
0x000C	0x1683      	BSF        STATUS, 5
0x000D	0x0088      	MOVWF      TRISD
;seven_segment.c,7 :: 		while(1)
L_main0:
;seven_segment.c,10 :: 		if(portd.f0==1)
0x000E	0x1283      	BCF        STATUS, 5
0x000F	0x1C08      	BTFSS      PORTD, 0
0x0010	0x2823      	GOTO       L_main2
;seven_segment.c,12 :: 		delay_ms(200);
0x0011	0x3003      	MOVLW      3
0x0012	0x00FB      	MOVWF      R11
0x0013	0x3008      	MOVLW      8
0x0014	0x00FC      	MOVWF      R12
0x0015	0x3077      	MOVLW      119
0x0016	0x00FD      	MOVWF      R13
L_main3:
0x0017	0x0BFD      	DECFSZ     R13, 1
0x0018	0x2817      	GOTO       L_main3
0x0019	0x0BFC      	DECFSZ     R12, 1
0x001A	0x2817      	GOTO       L_main3
0x001B	0x0BFB      	DECFSZ     R11, 1
0x001C	0x2817      	GOTO       L_main3
;seven_segment.c,13 :: 		if(portd.f0==1)
0x001D	0x1C08      	BTFSS      PORTD, 0
0x001E	0x2823      	GOTO       L_main4
;seven_segment.c,15 :: 		status=1;
0x001F	0x3001      	MOVLW      1
0x0020	0x00A2      	MOVWF      main_status_L0
0x0021	0x3000      	MOVLW      0
0x0022	0x00A3      	MOVWF      main_status_L0+1
;seven_segment.c,16 :: 		}
L_main4:
;seven_segment.c,17 :: 		}
L_main2:
;seven_segment.c,19 :: 		if(portd.f4==1)
0x0023	0x1E08      	BTFSS      PORTD, 4
0x0024	0x2835      	GOTO       L_main5
;seven_segment.c,21 :: 		delay_ms(200);
0x0025	0x3003      	MOVLW      3
0x0026	0x00FB      	MOVWF      R11
0x0027	0x3008      	MOVLW      8
0x0028	0x00FC      	MOVWF      R12
0x0029	0x3077      	MOVLW      119
0x002A	0x00FD      	MOVWF      R13
L_main6:
0x002B	0x0BFD      	DECFSZ     R13, 1
0x002C	0x282B      	GOTO       L_main6
0x002D	0x0BFC      	DECFSZ     R12, 1
0x002E	0x282B      	GOTO       L_main6
0x002F	0x0BFB      	DECFSZ     R11, 1
0x0030	0x282B      	GOTO       L_main6
;seven_segment.c,22 :: 		if(portd.f4==1)
0x0031	0x1E08      	BTFSS      PORTD, 4
0x0032	0x2835      	GOTO       L_main7
;seven_segment.c,24 :: 		status=0;
0x0033	0x01A2      	CLRF       main_status_L0
0x0034	0x01A3      	CLRF       main_status_L0+1
;seven_segment.c,25 :: 		}
L_main7:
;seven_segment.c,26 :: 		}
L_main5:
;seven_segment.c,28 :: 		if(portd.f7==1)
0x0035	0x1F88      	BTFSS      PORTD, 7
0x0036	0x2849      	GOTO       L_main8
;seven_segment.c,30 :: 		delay_ms(200);
0x0037	0x3003      	MOVLW      3
0x0038	0x00FB      	MOVWF      R11
0x0039	0x3008      	MOVLW      8
0x003A	0x00FC      	MOVWF      R12
0x003B	0x3077      	MOVLW      119
0x003C	0x00FD      	MOVWF      R13
L_main9:
0x003D	0x0BFD      	DECFSZ     R13, 1
0x003E	0x283D      	GOTO       L_main9
0x003F	0x0BFC      	DECFSZ     R12, 1
0x0040	0x283D      	GOTO       L_main9
0x0041	0x0BFB      	DECFSZ     R11, 1
0x0042	0x283D      	GOTO       L_main9
;seven_segment.c,31 :: 		if(portd.f7==1)
0x0043	0x1F88      	BTFSS      PORTD, 7
0x0044	0x2849      	GOTO       L_main10
;seven_segment.c,33 :: 		status=2;
0x0045	0x3002      	MOVLW      2
0x0046	0x00A2      	MOVWF      main_status_L0
0x0047	0x3000      	MOVLW      0
0x0048	0x00A3      	MOVWF      main_status_L0+1
;seven_segment.c,34 :: 		}
L_main10:
;seven_segment.c,35 :: 		}
L_main8:
;seven_segment.c,36 :: 		if(status==1)
0x0049	0x3000      	MOVLW      0
0x004A	0x0623      	XORWF      main_status_L0+1, 0
0x004B	0x1D03      	BTFSS      STATUS, 2
0x004C	0x284F      	GOTO       L__main16
0x004D	0x3001      	MOVLW      1
0x004E	0x0622      	XORWF      main_status_L0, 0
L__main16:
0x004F	0x1D03      	BTFSS      STATUS, 2
0x0050	0x2854      	GOTO       L_main11
;seven_segment.c,38 :: 		portc.f0=1;
0x0051	0x1407      	BSF        PORTC, 0
;seven_segment.c,39 :: 		portc.f1=0;
0x0052	0x1087      	BCF        PORTC, 1
;seven_segment.c,40 :: 		}
0x0053	0x2861      	GOTO       L_main12
L_main11:
;seven_segment.c,41 :: 		else if(status==2)
0x0054	0x3000      	MOVLW      0
0x0055	0x0623      	XORWF      main_status_L0+1, 0
0x0056	0x1D03      	BTFSS      STATUS, 2
0x0057	0x285A      	GOTO       L__main17
0x0058	0x3002      	MOVLW      2
0x0059	0x0622      	XORWF      main_status_L0, 0
L__main17:
0x005A	0x1D03      	BTFSS      STATUS, 2
0x005B	0x285F      	GOTO       L_main13
;seven_segment.c,43 :: 		portc.f0=0;
0x005C	0x1007      	BCF        PORTC, 0
;seven_segment.c,44 :: 		portc.f1=1;
0x005D	0x1487      	BSF        PORTC, 1
;seven_segment.c,45 :: 		}
0x005E	0x2861      	GOTO       L_main14
L_main13:
;seven_segment.c,48 :: 		portc.f0=0;
0x005F	0x1007      	BCF        PORTC, 0
;seven_segment.c,49 :: 		portc.f1=0;
0x0060	0x1087      	BCF        PORTC, 1
;seven_segment.c,50 :: 		}
L_main14:
L_main12:
;seven_segment.c,51 :: 		}
0x0061	0x280E      	GOTO       L_main0
;seven_segment.c,52 :: 		}
L_end_main:
0x0062	0x2862      	GOTO       $+0
; end of _main
Symbol List:
//** Routines locations **
//ADDRESS    SIZE    PROCEDURE
//----------------------------------------------
0x0003      [96]    _main
//** Variables locations ** 
//ADDRESS    SIZE    VARIABLE
//----------------------------------------------
0x0000       [1]    INDF
0x0003       [1]    STATUS
0x0004       [1]    FSR
0x0007       [1]    PORTC
0x0008       [1]    PORTD
0x000A       [1]    PCLATH
0x0020       [2]    ___DoICPAddr
0x0022       [2]    main_status_L0
0x0070       [1]    R0
0x0071       [1]    R1
0x0072       [1]    R2
0x0073       [1]    R3
0x0074       [1]    R4
0x0075       [1]    R5
0x0076       [1]    R6
0x0077       [1]    R7
0x0078       [1]    R8
0x0079       [1]    R9
0x007A       [1]    R10
0x007B       [1]    R11
0x007C       [1]    R12
0x007D       [1]    R13
0x007E       [1]    R14
0x007F       [1]    R15
0x0087       [1]    TRISC
0x0088       [1]    TRISD
